INFO:	


2016-08-09 12:04:26.346000
INFO:	Parameters:  {}
INFO:	System Type: Windows
INFO:	++++++++++++++++++++++++++++++++++++++++++++++++++++++++++++++++++++++++++++++++
INFO:	{'shutdown_path': 'C:\\Windows\\system32\\shutdown.exe', 'readyfile': 'C:\\Watchmaker\\system-is-ready', 'workingdir': 'C:\\Watchmaker\\WorkingFiles', 'logdir': 'C:\\Watchmaker\\Logs', 'prepdir': 'C:\\Watchmaker', 'restart': 'C:\\Windows\\system32\\shutdown.exe /r /t 30 /d p:2:4 /c "Watchmaker complete. Rebooting computer."'}
WARNING:	User supplied config config.yaml does not exist. Using the default config.
INFO:	Got scripts to execute: ['Salt'].
INFO:	Detected `noreboot` switch. System will not be rebooted.
INFO:	--------------------------------------------------------------------------------
INFO:	


2016-08-09 12:08:00.637000
INFO:	Parameters:  {}
INFO:	System Type: Windows
INFO:	++++++++++++++++++++++++++++++++++++++++++++++++++++++++++++++++++++++++++++++++
INFO:	{'shutdown_path': 'C:\\Windows\\system32\\shutdown.exe', 'readyfile': 'C:\\Watchmaker\\system-is-ready', 'workingdir': 'C:\\Watchmaker\\WorkingFiles', 'logdir': 'C:\\Watchmaker\\Logs', 'prepdir': 'C:\\Watchmaker', 'restart': 'C:\\Windows\\system32\\shutdown.exe /r /t 30 /d p:2:4 /c "Watchmaker complete. Rebooting computer."'}
WARNING:	User supplied config config.yaml does not exist. Using the default config.
INFO:	Got scripts to execute: ['Salt'].
INFO:	Detected `noreboot` switch. System will not be rebooted.
INFO:	--------------------------------------------------------------------------------
INFO:	


2016-08-09 12:08:18.527000
INFO:	Parameters:  {}
INFO:	System Type: Windows
INFO:	++++++++++++++++++++++++++++++++++++++++++++++++++++++++++++++++++++++++++++++++
INFO:	{'shutdown_path': 'C:\\Windows\\system32\\shutdown.exe', 'readyfile': 'C:\\Watchmaker\\system-is-ready', 'workingdir': 'C:\\Watchmaker\\WorkingFiles', 'logdir': 'C:\\Watchmaker\\Logs', 'prepdir': 'C:\\Watchmaker', 'restart': 'C:\\Windows\\system32\\shutdown.exe /r /t 30 /d p:2:4 /c "Watchmaker complete. Rebooting computer."'}
WARNING:	User supplied config config.yaml does not exist. Using the default config.
INFO:	Got scripts to execute: ['Salt'].
INFO:	Detected `noreboot` switch. System will not be rebooted.
INFO:	--------------------------------------------------------------------------------
INFO:	


2016-08-09 12:28:40.540000
INFO:	Parameters:  {}
INFO:	System Type: Windows
INFO:	++++++++++++++++++++++++++++++++++++++++++++++++++++++++++++++++++++++++++++++++
INFO:	{'shutdown_path': 'C:\\Windows\\system32\\shutdown.exe', 'readyfile': 'C:\\Watchmaker\\system-is-ready', 'workingdir': 'C:\\Watchmaker\\WorkingFiles', 'logdir': 'C:\\Watchmaker\\Logs', 'prepdir': 'C:\\Watchmaker', 'restart': 'C:\\Windows\\system32\\shutdown.exe /r /t 30 /d p:2:4 /c "Watchmaker complete. Rebooting computer."'}
WARNING:	User supplied config config.yaml does not exist. Using the default config.
INFO:	Got scripts to execute: ['Salt'].
ERROR:	Execution of the workers cadence has failed. 'saltinstallurl'
INFO:	


2016-08-09 12:31:17.036000
INFO:	Parameters:  {}
INFO:	System Type: Windows
INFO:	++++++++++++++++++++++++++++++++++++++++++++++++++++++++++++++++++++++++++++++++
INFO:	{'shutdown_path': 'C:\\Windows\\system32\\shutdown.exe', 'readyfile': 'C:\\Watchmaker\\system-is-ready', 'workingdir': 'C:\\Watchmaker\\WorkingFiles', 'logdir': 'C:\\Watchmaker\\Logs', 'prepdir': 'C:\\Watchmaker', 'restart': 'C:\\Windows\\system32\\shutdown.exe /r /t 30 /d p:2:4 /c "Watchmaker complete. Rebooting computer."'}
WARNING:	User supplied config config.yaml does not exist. Using the default config.
INFO:	Got scripts to execute: ['Salt'].
ERROR:	Execution of the workers cadence has failed. 'saltinstallurl'
INFO:	


2016-08-09 12:39:55.694000
INFO:	Parameters:  {}
INFO:	System Type: Windows
INFO:	++++++++++++++++++++++++++++++++++++++++++++++++++++++++++++++++++++++++++++++++
INFO:	{'shutdown_path': 'C:\\Windows\\system32\\shutdown.exe', 'readyfile': 'C:\\Watchmaker\\system-is-ready', 'workingdir': 'C:\\Watchmaker\\WorkingFiles', 'logdir': 'C:\\Watchmaker\\Logs', 'prepdir': 'C:\\Watchmaker', 'restart': 'C:\\Windows\\system32\\shutdown.exe /r /t 30 /d p:2:4 /c "Watchmaker complete. Rebooting computer."'}
WARNING:	User supplied config config.yaml does not exist. Using the default config.
INFO:	Got scripts to execute: ['Salt'].
ERROR:	Execution of the workers cadence has failed. 'sourceiss3bucket'
INFO:	


2016-08-09 12:41:03.051000
INFO:	Parameters:  {}
INFO:	System Type: Windows
INFO:	++++++++++++++++++++++++++++++++++++++++++++++++++++++++++++++++++++++++++++++++
INFO:	{'shutdown_path': 'C:\\Windows\\system32\\shutdown.exe', 'readyfile': 'C:\\Watchmaker\\system-is-ready', 'workingdir': 'C:\\Watchmaker\\WorkingFiles', 'logdir': 'C:\\Watchmaker\\Logs', 'prepdir': 'C:\\Watchmaker', 'restart': 'C:\\Windows\\system32\\shutdown.exe /r /t 30 /d p:2:4 /c "Watchmaker complete. Rebooting computer."'}
WARNING:	User supplied config config.yaml does not exist. Using the default config.
INFO:	Got scripts to execute: ['Salt'].
ERROR:	Execution of the workers cadence has failed. join() takes exactly one argument (3 given)
INFO:	


2016-08-09 12:41:32.441000
INFO:	Parameters:  {}
INFO:	System Type: Windows
INFO:	++++++++++++++++++++++++++++++++++++++++++++++++++++++++++++++++++++++++++++++++
INFO:	{'shutdown_path': 'C:\\Windows\\system32\\shutdown.exe', 'readyfile': 'C:\\Watchmaker\\system-is-ready', 'workingdir': 'C:\\Watchmaker\\WorkingFiles', 'logdir': 'C:\\Watchmaker\\Logs', 'prepdir': 'C:\\Watchmaker', 'restart': 'C:\\Windows\\system32\\shutdown.exe /r /t 30 /d p:2:4 /c "Watchmaker complete. Rebooting computer."'}
WARNING:	User supplied config config.yaml does not exist. Using the default config.
INFO:	Got scripts to execute: ['Salt'].
INFO:	Creating a working directory.
ERROR:	Could not create workingdir in C:\Watchmaker\WorkingFiles.
Exception: [Error 3] The system cannot find the path specified: u'C:\\SystemContent\\Windows\\Saltr2y7ox'
INFO:	


2016-08-09 12:48:06.711000
INFO:	Parameters:  {}
INFO:	System Type: Windows
INFO:	++++++++++++++++++++++++++++++++++++++++++++++++++++++++++++++++++++++++++++++++
INFO:	{'shutdown_path': 'C:\\Windows\\system32\\shutdown.exe', 'readyfile': 'C:\\Watchmaker\\system-is-ready', 'workingdir': 'C:\\Watchmaker\\WorkingFiles', 'logdir': 'C:\\Watchmaker\\Logs', 'prepdir': 'C:\\Watchmaker', 'restart': 'C:\\Windows\\system32\\shutdown.exe /r /t 30 /d p:2:4 /c "Watchmaker complete. Rebooting computer."'}
WARNING:	User supplied config config.yaml does not exist. Using the default config.
INFO:	Got scripts to execute: ['Salt'].
INFO:	Creating a working directory.
ERROR:	Could not create workingdir in C:\Watchmaker\WorkingFiles.
Exception: [Error 3] The system cannot find the path specified: u'C:\\SystemContent\\Windows\\Saltdmktpq'
INFO:	


2016-08-09 12:49:18.256000
INFO:	Parameters:  {}
INFO:	System Type: Windows
INFO:	++++++++++++++++++++++++++++++++++++++++++++++++++++++++++++++++++++++++++++++++
INFO:	{'shutdown_path': 'C:\\Windows\\system32\\shutdown.exe', 'readyfile': 'C:\\Watchmaker\\system-is-ready', 'workingdir': 'C:\\Watchmaker\\WorkingFiles', 'logdir': 'C:\\Watchmaker\\Logs', 'prepdir': 'C:\\Watchmaker', 'restart': 'C:\\Windows\\system32\\shutdown.exe /r /t 30 /d p:2:4 /c "Watchmaker complete. Rebooting computer."'}
WARNING:	User supplied config config.yaml does not exist. Using the default config.
INFO:	Got scripts to execute: ['Salt'].
INFO:	Creating a working directory.
ERROR:	Could not create workingdir in C:\Watchmaker\WorkingFiles.
Exception: [Error 3] The system cannot find the path specified: u'C:\\Watchmaker\\WorkingFiles\\SystemContent\\Windows\\Salt\\b0jhej'
INFO:	


2016-08-09 12:52:20.142000
INFO:	Parameters:  {}
INFO:	System Type: Windows
INFO:	++++++++++++++++++++++++++++++++++++++++++++++++++++++++++++++++++++++++++++++++
INFO:	{'shutdown_path': 'C:\\Windows\\system32\\shutdown.exe', 'readyfile': 'C:\\Watchmaker\\system-is-ready', 'workingdir': 'C:\\Watchmaker\\WorkingFiles', 'logdir': 'C:\\Watchmaker\\Logs', 'prepdir': 'C:\\Watchmaker', 'restart': 'C:\\Windows\\system32\\shutdown.exe /r /t 30 /d p:2:4 /c "Watchmaker complete. Rebooting computer."'}
WARNING:	User supplied config config.yaml does not exist. Using the default config.
INFO:	Got scripts to execute: ['Salt'].
ERROR:	Execution of the workers cadence has failed. [Error 3] The system cannot find the path specified: 'C:\\Watchmaker\\WorkFiles\\tmpbrb7bz'
INFO:	


2016-08-09 12:56:04.886000
INFO:	Parameters:  {}
INFO:	System Type: Windows
INFO:	++++++++++++++++++++++++++++++++++++++++++++++++++++++++++++++++++++++++++++++++
INFO:	{'shutdown_path': 'C:\\Windows\\system32\\shutdown.exe', 'readyfile': 'C:\\Watchmaker\\system-is-ready', 'workingdir': 'C:\\Watchmaker\\WorkingFiles', 'logdir': 'C:\\Watchmaker\\Logs', 'prepdir': 'C:\\Watchmaker', 'restart': 'C:\\Windows\\system32\\shutdown.exe /r /t 30 /d p:2:4 /c "Watchmaker complete. Rebooting computer."'}
WARNING:	User supplied config config.yaml does not exist. Using the default config.
INFO:	Got scripts to execute: ['Salt'].
INFO:	Creating a working directory.
ERROR:	Could not create workingdir in C:\Watchmaker\WorkingFiles.
Exception: [Error 3] The system cannot find the path specified: u'C:\\Watchmaker\\WorkingFiles\\SystemContent\\Windows\\Salt\\e1htkh'
INFO:	


2016-08-09 12:57:59.523000
INFO:	Parameters:  {}
INFO:	System Type: Windows
INFO:	++++++++++++++++++++++++++++++++++++++++++++++++++++++++++++++++++++++++++++++++
INFO:	{'shutdown_path': 'C:\\Windows\\system32\\shutdown.exe', 'readyfile': 'C:\\Watchmaker\\system-is-ready', 'workingdir': 'C:\\Watchmaker\\WorkingFiles', 'logdir': 'C:\\Watchmaker\\Logs', 'prepdir': 'C:\\Watchmaker', 'restart': 'C:\\Windows\\system32\\shutdown.exe /r /t 30 /d p:2:4 /c "Watchmaker complete. Rebooting computer."'}
WARNING:	User supplied config config.yaml does not exist. Using the default config.
INFO:	Got scripts to execute: ['Salt'].
INFO:	Creating a working directory.
ERROR:	Could not create workingdir in C:\Watchmaker\WorkingFiles.
Exception: [Error 3] The system cannot find the path specified: u'C:\\Watchmaker\\WorkingFiles\\SystemContent\\Windows\\Salt\\3fzl6f'
INFO:	


2016-08-09 12:58:34.850000
INFO:	Parameters:  {}
INFO:	System Type: Windows
INFO:	++++++++++++++++++++++++++++++++++++++++++++++++++++++++++++++++++++++++++++++++
INFO:	{'shutdown_path': 'C:\\Windows\\system32\\shutdown.exe', 'readyfile': 'C:\\Watchmaker\\system-is-ready', 'workingdir': 'C:\\Watchmaker\\WorkingFiles', 'logdir': 'C:\\Watchmaker\\Logs', 'prepdir': 'C:\\Watchmaker', 'restart': 'C:\\Windows\\system32\\shutdown.exe /r /t 30 /d p:2:4 /c "Watchmaker complete. Rebooting computer."'}
WARNING:	User supplied config config.yaml does not exist. Using the default config.
INFO:	Got scripts to execute: ['Salt'].
INFO:	Creating a working directory.
ERROR:	Could not create workingdir in C:\Watchmaker\WorkingFiles.
Exception: [Error 3] The system cannot find the path specified: u'C:\\Watchmaker\\WorkingFiles\\SystemContent\\Windows\\Salt\\s2o6aj'
INFO:	


2016-08-09 13:00:08.676000
INFO:	Parameters:  {}
INFO:	System Type: Windows
INFO:	++++++++++++++++++++++++++++++++++++++++++++++++++++++++++++++++++++++++++++++++
INFO:	{'shutdown_path': 'C:\\Windows\\system32\\shutdown.exe', 'readyfile': 'C:\\Watchmaker\\system-is-ready', 'workingdir': 'C:\\Watchmaker\\WorkingFiles', 'logdir': 'C:\\Watchmaker\\Logs', 'prepdir': 'C:\\Watchmaker', 'restart': 'C:\\Windows\\system32\\shutdown.exe /r /t 30 /d p:2:4 /c "Watchmaker complete. Rebooting computer."'}
WARNING:	User supplied config config.yaml does not exist. Using the default config.
INFO:	Got scripts to execute: ['Salt'].
INFO:	Creating a working directory.
DEBUG:	Working directory: C:\Watchmaker\WorkingFiles\Salt-srcfu4
ERROR:	Execution of the workers cadence has failed. 'salt_results_log'
INFO:	


2016-08-09 13:02:03.329000
INFO:	Parameters:  {}
INFO:	System Type: Windows
INFO:	++++++++++++++++++++++++++++++++++++++++++++++++++++++++++++++++++++++++++++++++
INFO:	{'shutdown_path': 'C:\\Windows\\system32\\shutdown.exe', 'readyfile': 'C:\\Watchmaker\\system-is-ready', 'workingdir': 'C:\\Watchmaker\\WorkingFiles', 'logdir': 'C:\\Watchmaker\\Logs', 'prepdir': 'C:\\Watchmaker', 'restart': 'C:\\Windows\\system32\\shutdown.exe /r /t 30 /d p:2:4 /c "Watchmaker complete. Rebooting computer."'}
WARNING:	User supplied config config.yaml does not exist. Using the default config.
INFO:	Got scripts to execute: ['Salt'].
INFO:	Creating a working directory.
DEBUG:	Working directory: C:\Watchmaker\WorkingFiles\Salt-n_fmnp
INFO:	Detected `noreboot` switch. System will not be rebooted.
INFO:	--------------------------------------------------------------------------------
INFO:	


2016-08-09 13:03:33.826000
INFO:	Parameters:  {}
INFO:	System Type: Windows
INFO:	++++++++++++++++++++++++++++++++++++++++++++++++++++++++++++++++++++++++++++++++
INFO:	{'shutdown_path': 'C:\\Windows\\system32\\shutdown.exe', 'readyfile': 'C:\\Watchmaker\\system-is-ready', 'workingdir': 'C:\\Watchmaker\\WorkingFiles', 'logdir': 'C:\\Watchmaker\\Logs', 'prepdir': 'C:\\Watchmaker', 'restart': 'C:\\Windows\\system32\\shutdown.exe /r /t 30 /d p:2:4 /c "Watchmaker complete. Rebooting computer."'}
WARNING:	User supplied config config.yaml does not exist. Using the default config.
INFO:	Got scripts to execute: ['Salt'].
INFO:	Creating a working directory.
DEBUG:	Working directory: C:\Watchmaker\WorkingFiles\Salt-cezjxn
INFO:	Detected `noreboot` switch. System will not be rebooted.
INFO:	--------------------------------------------------------------------------------
INFO:	


2016-08-09 13:05:28.589000
INFO:	Parameters:  {}
INFO:	System Type: Windows
INFO:	++++++++++++++++++++++++++++++++++++++++++++++++++++++++++++++++++++++++++++++++
INFO:	{'shutdown_path': 'C:\\Windows\\system32\\shutdown.exe', 'readyfile': 'C:\\Watchmaker\\system-is-ready', 'workingdir': 'C:\\Watchmaker\\WorkingFiles', 'logdir': 'C:\\Watchmaker\\Logs', 'prepdir': 'C:\\Watchmaker', 'restart': 'C:\\Windows\\system32\\shutdown.exe /r /t 30 /d p:2:4 /c "Watchmaker complete. Rebooting computer."'}
WARNING:	User supplied config config.yaml does not exist. Using the default config.
INFO:	Got scripts to execute: ['Salt'].
INFO:	Creating a working directory.
DEBUG:	Working directory: C:\Watchmaker\WorkingFiles\Salt-_l0grd
INFO:	Detected `noreboot` switch. System will not be rebooted.
INFO:	--------------------------------------------------------------------------------
INFO:	


2016-08-09 13:12:29.749000
INFO:	Parameters:  {}
INFO:	System Type: Windows
INFO:	++++++++++++++++++++++++++++++++++++++++++++++++++++++++++++++++++++++++++++++++
INFO:	{'shutdown_path': 'C:\\Windows\\system32\\shutdown.exe', 'readyfile': 'C:\\Watchmaker\\system-is-ready', 'workingdir': 'C:\\Watchmaker\\WorkingFiles', 'logdir': 'C:\\Watchmaker\\Logs', 'prepdir': 'C:\\Watchmaker', 'restart': 'C:\\Windows\\system32\\shutdown.exe /r /t 30 /d p:2:4 /c "Watchmaker complete. Rebooting computer."'}
WARNING:	User supplied config config.yaml does not exist. Using the default config.
INFO:	Got scripts to execute: ['Salt'].
INFO:	Creating a working directory.
DEBUG:	Working directory: C:\Watchmaker\WorkingFiles\Salt-_jeqnx
INFO:	Detected `noreboot` switch. System will not be rebooted.
INFO:	--------------------------------------------------------------------------------
INFO:	


2016-08-09 13:13:14.138000
INFO:	Parameters:  {}
INFO:	System Type: Windows
INFO:	++++++++++++++++++++++++++++++++++++++++++++++++++++++++++++++++++++++++++++++++
INFO:	{'shutdown_path': 'C:\\Windows\\system32\\shutdown.exe', 'readyfile': 'C:\\Watchmaker\\system-is-ready', 'workingdir': 'C:\\Watchmaker\\WorkingFiles', 'logdir': 'C:\\Watchmaker\\Logs', 'prepdir': 'C:\\Watchmaker', 'restart': 'C:\\Windows\\system32\\shutdown.exe /r /t 30 /d p:2:4 /c "Watchmaker complete. Rebooting computer."'}
WARNING:	User supplied config config.yaml does not exist. Using the default config.
INFO:	Got scripts to execute: ['Salt'].
INFO:	Creating a working directory.
DEBUG:	Working directory: C:\Watchmaker\WorkingFiles\Salt-qnecna
INFO:	Detected `noreboot` switch. System will not be rebooted.
INFO:	--------------------------------------------------------------------------------
